Flow report for ECE423_soc
Mon Jan 26 19:12:42 2015
Quartus II 64-Bit Version 10.1 Build 197 01/19/2011 Service Pack 1 SJ Full Version


---------------------
; Table of Contents ;
---------------------
  1. Legal Notice
  2. Flow Summary
  3. Flow Settings
  4. Flow Non-Default Global Settings
  5. Flow Elapsed Time
  6. Flow OS Summary
  7. Flow Log



----------------
; Legal Notice ;
----------------
Copyright (C) 1991-2011 Altera Corporation
Your use of Altera Corporation's design tools, logic functions 
and other software and tools, and its AMPP partner logic 
functions, and any output files from any of the foregoing 
(including device programming or simulation files), and any 
associated documentation or information are expressly subject 
to the terms and conditions of the Altera Program License 
Subscription Agreement, Altera MegaCore Function License 
Agreement, or other applicable license agreement, including, 
without limitation, that your use is for the sole purpose of 
programming logic devices manufactured by Altera and sold by 
Altera or its authorized distributors.  Please refer to the 
applicable agreement for further details.



+-------------------------------------------------------------------------------------+
; Flow Summary                                                                        ;
+------------------------------------+------------------------------------------------+
; Flow Status                        ; Successful - Mon Jan 26 19:12:40 2015          ;
; Quartus II 64-Bit Version          ; 10.1 Build 197 01/19/2011 SP 1 SJ Full Version ;
; Revision Name                      ; ECE423_soc                                     ;
; Top-level Entity Name              ; ECE423_soc                                     ;
; Family                             ; Cyclone II                                     ;
; Device                             ; EP2C35F672C6                                   ;
; Timing Models                      ; Final                                          ;
; Total logic elements               ; 6,731 / 33,216 ( 20 % )                        ;
;     Total combinational functions  ; 6,064 / 33,216 ( 18 % )                        ;
;     Dedicated logic registers      ; 3,907 / 33,216 ( 12 % )                        ;
; Total registers                    ; 3959                                           ;
; Total pins                         ; 124 / 475 ( 26 % )                             ;
; Total virtual pins                 ; 0                                              ;
; Total memory bits                  ; 92,160 / 483,840 ( 19 % )                      ;
; Embedded Multiplier 9-bit elements ; 4 / 70 ( 6 % )                                 ;
; Total PLLs                         ; 1 / 4 ( 25 % )                                 ;
+------------------------------------+------------------------------------------------+


+-----------------------------------------+
; Flow Settings                           ;
+-------------------+---------------------+
; Option            ; Setting             ;
+-------------------+---------------------+
; Start date & time ; 01/26/2015 19:11:18 ;
; Main task         ; Compilation         ;
; Revision Name     ; ECE423_soc          ;
+-------------------+---------------------+


+-----------------------------------------------------------------------------------------------------------------------------------------------------------------------------------------------------------------+
; Flow Non-Default Global Settings                                                                                                                                                                                ;
+-------------------------------------+--------------------------------------------------------------------------------------------------------------------------------+---------------+-------------+------------+
; Assignment Name                     ; Value                                                                                                                          ; Default Value ; Entity Name ; Section Id ;
+-------------------------------------+--------------------------------------------------------------------------------------------------------------------------------+---------------+-------------+------------+
; COMPILER_SIGNATURE_ID               ; 106258771469378.142231747704340                                                                                                ; --            ; --          ; --         ;
; IP_TOOL_NAME                        ; RAM: 2-PORT                                                                                                                    ; --            ; --          ; --         ;
; IP_TOOL_NAME                        ; ALTPLL                                                                                                                         ; --            ; --          ; --         ;
; IP_TOOL_VERSION                     ; 8.0                                                                                                                            ; --            ; --          ; --         ;
; IP_TOOL_VERSION                     ; 10.1                                                                                                                           ; --            ; --          ; --         ;
; MAX_CORE_JUNCTION_TEMP              ; 85                                                                                                                             ; --            ; --          ; --         ;
; MIN_CORE_JUNCTION_TEMP              ; 0                                                                                                                              ; --            ; --          ; --         ;
; MISC_FILE                           ; C:/ECE423/ECE423_xgdu/ECE423_soc.dpf                                                                                           ; --            ; --          ; --         ;
; MISC_FILE                           ; c:/software/altera/10.1/ip/University_Program/Memory/altera_up_sd_card_avalon_interface/hdl/Altera_UP_SD_Card_Memory_Block.bsf ; --            ; --          ; --         ;
; MISC_FILE                           ; c:/software/altera/10.1/ip/University_Program/Memory/altera_up_sd_card_avalon_interface/hdl/Altera_UP_SD_Card_Memory_Block.cmp ; --            ; --          ; --         ;
; MISC_FILE                           ; pll.bsf                                                                                                                        ; --            ; --          ; --         ;
; MISC_FILE                           ; pll.cmp                                                                                                                        ; --            ; --          ; --         ;
; MISC_FILE                           ; pll.ppf                                                                                                                        ; --            ; --          ; --         ;
; PARTITION_COLOR                     ; 16764057                                                                                                                       ; --            ; --          ; Top        ;
; PARTITION_FITTER_PRESERVATION_LEVEL ; PLACEMENT_AND_ROUTING                                                                                                          ; --            ; --          ; Top        ;
; PARTITION_NETLIST_TYPE              ; SOURCE                                                                                                                         ; --            ; --          ; Top        ;
; POWER_BOARD_THERMAL_MODEL           ; None (CONSERVATIVE)                                                                                                            ; --            ; --          ; --         ;
; POWER_PRESET_COOLING_SOLUTION       ; 23 MM HEAT SINK WITH 200 LFPM AIRFLOW                                                                                          ; --            ; --          ; --         ;
; SOPC_BUILDER_SIGNATURE_ID           ; 60A44C53E4420000014B28B4F0CC                                                                                                   ; --            ; --          ; --         ;
+-------------------------------------+--------------------------------------------------------------------------------------------------------------------------------+---------------+-------------+------------+


+-------------------------------------------------------------------------------------------------------------------------------+
; Flow Elapsed Time                                                                                                             ;
+---------------------------+--------------+-------------------------+---------------------+------------------------------------+
; Module Name               ; Elapsed Time ; Average Processors Used ; Peak Virtual Memory ; Total CPU Time (on all processors) ;
+---------------------------+--------------+-------------------------+---------------------+------------------------------------+
; Analysis & Synthesis      ; 00:00:50     ; 1.0                     ; 531 MB              ; 00:00:48                           ;
; Fitter                    ; 00:00:24     ; 1.3                     ; 556 MB              ; 00:00:25                           ;
; Assembler                 ; 00:00:04     ; 1.0                     ; 389 MB              ; 00:00:02                           ;
; TimeQuest Timing Analyzer ; 00:00:06     ; 1.3                     ; 452 MB              ; 00:00:06                           ;
; Total                     ; 00:01:24     ; --                      ; --                  ; 00:01:21                           ;
+---------------------------+--------------+-------------------------+---------------------+------------------------------------+


+----------------------------------------------------------------------------------------+
; Flow OS Summary                                                                        ;
+---------------------------+------------------+-----------+------------+----------------+
; Module Name               ; Machine Hostname ; OS Name   ; OS Version ; Processor type ;
+---------------------------+------------------+-----------+------------+----------------+
; Analysis & Synthesis      ; ECE-CPUIO19      ; Windows 7 ; 6.1        ; x86_64         ;
; Fitter                    ; ECE-CPUIO19      ; Windows 7 ; 6.1        ; x86_64         ;
; Assembler                 ; ECE-CPUIO19      ; Windows 7 ; 6.1        ; x86_64         ;
; TimeQuest Timing Analyzer ; ECE-CPUIO19      ; Windows 7 ; 6.1        ; x86_64         ;
+---------------------------+------------------+-----------+------------+----------------+


------------
; Flow Log ;
------------
quartus_map --read_settings_files=on --write_settings_files=off ECE423_soc -c ECE423_soc
quartus_fit --read_settings_files=off --write_settings_files=off ECE423_soc -c ECE423_soc
quartus_asm --read_settings_files=off --write_settings_files=off ECE423_soc -c ECE423_soc
quartus_sta ECE423_soc -c ECE423_soc



