Restore Archived Project report for ECE423_soc
Wed Jan 14 18:38:59 2015
Quartus II 64-Bit Version 10.1 Build 197 01/19/2011 Service Pack 1 SJ Full Version


---------------------
; Table of Contents ;
---------------------
  1. Legal Notice
  2. Restore Archived Project Summary
  3. Restore Archived Project Messages
  4. Files Restored
  5. Files Not Restored



----------------
; Legal Notice ;
----------------
Copyright (C) 1991-2011 Altera Corporation
Your use of Altera Corporation's design tools, logic functions 
and other software and tools, and its AMPP partner logic 
functions, and any output files from any of the foregoing 
(including device programming or simulation files), and any 
associated documentation or information are expressly subject 
to the terms and conditions of the Altera Program License 
Subscription Agreement, Altera MegaCore Function License 
Agreement, or other applicable license agreement, including, 
without limitation, that your use is for the sole purpose of 
programming logic devices manufactured by Altera and sold by 
Altera or its authorized distributors.  Please refer to the 
applicable agreement for further details.



+-------------------------------------------------------------------------+
; Restore Archived Project Summary                                        ;
+---------------------------------+---------------------------------------+
; Restore Archived Project Status ; Successful - Wed Jan 14 18:38:59 2015 ;
; Revision Name                   ; ECE423_soc                            ;
; Top-level Entity Name           ; ECE423_soc                            ;
; Family                          ; Cyclone II                            ;
+---------------------------------+---------------------------------------+


+-----------------------------------+
; Restore Archived Project Messages ;
+-----------------------------------+
Info: Successfully restored 'C:/ECE423_Carl/Hardware/ECE423_soc_tmp_archive.qar' into the 'E:/4B_Term/ECE423/Hardware' directory
Info: Generated report 'ECE423_soc.restore.rpt'


+-------------------------------------------------------------------------------------------------------------------------------------------------------+
; Files Restored                                                                                                                                        ;
+-------------------------------------------------------------------------------------------------------------------------------------------------------+
; File Name                                                                                                                                             ;
+-------------------------------------------------------------------------------------------------------------------------------------------------------+
; ECE423/ECE423_xgdu/ECE423_soc.dpf                                                                                                                     ;
; ECE423/ECE423_xgdu/cpu_0.sdc                                                                                                                          ;
; ECE423/ECE423_xgdu/lab1.sopc                                                                                                                          ;
; ECE423/ECE423_xgdu/sopc_add_qip_file.tcl                                                                                                              ;
; Altera_UP_SD_Card_Avalon_Interface_0.vhd                                                                                                              ;
; ECE423_soc.bdf                                                                                                                                        ;
; ECE423_soc.qpf                                                                                                                                        ;
; ECE423_soc.qsf                                                                                                                                        ;
; altera_up_avalon_video_vga_timing.v                                                                                                                   ;
; altera_up_video_clipper_add.v                                                                                                                         ;
; altera_up_video_clipper_counters.v                                                                                                                    ;
; altera_up_video_clipper_drop.v                                                                                                                        ;
; altera_up_video_scaler_multiply_height.v                                                                                                              ;
; altera_up_video_scaler_multiply_width.v                                                                                                               ;
; assignment_defaults.qdf                                                                                                                               ;
; button_pio.vhd                                                                                                                                        ;
; cpu_0.ocp                                                                                                                                             ;
; cpu_0.sdc                                                                                                                                             ;
; cpu_0.vhd                                                                                                                                             ;
; cpu_0_bht_ram.mif                                                                                                                                     ;
; cpu_0_dc_tag_ram.mif                                                                                                                                  ;
; cpu_0_ic_tag_ram.mif                                                                                                                                  ;
; cpu_0_jtag_debug_module_sysclk.vhd                                                                                                                    ;
; cpu_0_jtag_debug_module_tck.vhd                                                                                                                       ;
; cpu_0_jtag_debug_module_wrapper.vhd                                                                                                                   ;
; cpu_0_mult_cell.vhd                                                                                                                                   ;
; cpu_0_oci_test_bench.vhd                                                                                                                              ;
; cpu_0_ociram_default_contents.mif                                                                                                                     ;
; cpu_0_rf_ram_a.mif                                                                                                                                    ;
; cpu_0_rf_ram_b.mif                                                                                                                                    ;
; cpu_0_test_bench.vhd                                                                                                                                  ;
; incremental_db/compiled_partitions/ECE423_soc.db_info                                                                                                 ;
; jtag_uart_0.vhd                                                                                                                                       ;
; lab1.sopc                                                                                                                                             ;
; pll.bsf                                                                                                                                               ;
; pll.cmp                                                                                                                                               ;
; pll.ppf                                                                                                                                               ;
; pll.qip                                                                                                                                               ;
; pll.vhd                                                                                                                                               ;
; sdram_0.vhd                                                                                                                                           ;
; sopc_add_qip_file.tcl                                                                                                                                 ;
; sram_0.v                                                                                                                                              ;
; sysid.vhd                                                                                                                                             ;
; timer_0.vhd                                                                                                                                           ;
; unnamed.qip                                                                                                                                           ;
; unnamed.vhd                                                                                                                                           ;
; video_clipper_0.v                                                                                                                                     ;
; video_dual_clock_buffer_0.v                                                                                                                           ;
; video_pixel_buffer_dma_0.v                                                                                                                            ;
; video_rgb_resampler_0.v                                                                                                                               ;
; video_scaler_0.v                                                                                                                                      ;
; video_vga_controller_0.v                                                                                                                              ;
; Software/altera/10.1/ip/University_Program/Audio_Video/Video/altera_up_avalon_video_clipper/altera_up_avalon_video_clipper_hw.tcl                     ;
; Software/altera/10.1/ip/University_Program/Audio_Video/Video/altera_up_avalon_video_clipper/up_ip_generator.tcl                                       ;
; Software/altera/10.1/ip/University_Program/Audio_Video/Video/altera_up_avalon_video_dual_clock_buffer/altera_up_avalon_video_dual_clock_buffer_hw.tcl ;
; Software/altera/10.1/ip/University_Program/Audio_Video/Video/altera_up_avalon_video_dual_clock_buffer/up_ip_generator.tcl                             ;
; Software/altera/10.1/ip/University_Program/Audio_Video/Video/altera_up_avalon_video_pixel_buffer_dma/altera_up_avalon_video_pixel_buffer_dma_hw.tcl   ;
; Software/altera/10.1/ip/University_Program/Audio_Video/Video/altera_up_avalon_video_pixel_buffer_dma/altera_up_avalon_video_pixel_buffer_dma_sw.tcl   ;
; Software/altera/10.1/ip/University_Program/Audio_Video/Video/altera_up_avalon_video_pixel_buffer_dma/up_ip_generator.tcl                              ;
; Software/altera/10.1/ip/University_Program/Audio_Video/Video/altera_up_avalon_video_rgb_resampler/altera_up_avalon_video_rgb_resampler_hw.tcl         ;
; Software/altera/10.1/ip/University_Program/Audio_Video/Video/altera_up_avalon_video_rgb_resampler/up_ip_generator.tcl                                 ;
; Software/altera/10.1/ip/University_Program/Audio_Video/Video/altera_up_avalon_video_scaler/altera_up_avalon_video_scaler_hw.tcl                       ;
; Software/altera/10.1/ip/University_Program/Audio_Video/Video/altera_up_avalon_video_scaler/up_ip_generator.tcl                                        ;
; Software/altera/10.1/ip/University_Program/Audio_Video/Video/altera_up_avalon_video_vga_controller/altera_up_avalon_video_vga_controller_hw.tcl       ;
; Software/altera/10.1/ip/University_Program/Audio_Video/Video/altera_up_avalon_video_vga_controller/up_ip_generator.tcl                                ;
; Software/altera/10.1/ip/University_Program/Memory/altera_up_avalon_sram/altera_up_avalon_sram_hw.tcl                                                  ;
; Software/altera/10.1/ip/University_Program/Memory/altera_up_avalon_sram/up_ip_generator.tcl                                                           ;
; Software/altera/10.1/ip/University_Program/Memory/altera_up_sd_card_avalon_interface/Altera_UP_SD_Card_Avalon_Interface_hw.tcl                        ;
; Software/altera/10.1/ip/University_Program/Memory/altera_up_sd_card_avalon_interface/Altera_UP_SD_Card_Avalon_Interface_sw.tcl                        ;
; software/altera/10.1/ip/University_Program/Audio_Video/Video/altera_up_avalon_video_clipper/altera_up_avalon_video_clipper_hw.tcl                     ;
; software/altera/10.1/ip/University_Program/Audio_Video/Video/altera_up_avalon_video_dual_clock_buffer/altera_up_avalon_video_dual_clock_buffer_hw.tcl ;
; software/altera/10.1/ip/University_Program/Audio_Video/Video/altera_up_avalon_video_pixel_buffer_dma/altera_up_avalon_video_pixel_buffer_dma_hw.tcl   ;
; software/altera/10.1/ip/University_Program/Audio_Video/Video/altera_up_avalon_video_rgb_resampler/altera_up_avalon_video_rgb_resampler_hw.tcl         ;
; software/altera/10.1/ip/University_Program/Audio_Video/Video/altera_up_avalon_video_scaler/altera_up_avalon_video_scaler_hw.tcl                       ;
; software/altera/10.1/ip/University_Program/Audio_Video/Video/altera_up_avalon_video_vga_controller/altera_up_avalon_video_vga_controller_hw.tcl       ;
; software/altera/10.1/ip/University_Program/Memory/altera_up_avalon_sram/altera_up_avalon_sram_hw.tcl                                                  ;
; software/altera/10.1/ip/University_Program/Memory/altera_up_sd_card_avalon_interface/Altera_UP_SD_Card_Avalon_Interface_hw.tcl                        ;
; software/altera/10.1/ip/University_Program/Memory/altera_up_sd_card_avalon_interface/hdl/Altera_UP_SD_CRC16_Generator.vhd                             ;
; software/altera/10.1/ip/University_Program/Memory/altera_up_sd_card_avalon_interface/hdl/Altera_UP_SD_CRC7_Generator.vhd                              ;
; software/altera/10.1/ip/University_Program/Memory/altera_up_sd_card_avalon_interface/hdl/Altera_UP_SD_Card_48_bit_Command_Generator.vhd               ;
; software/altera/10.1/ip/University_Program/Memory/altera_up_sd_card_avalon_interface/hdl/Altera_UP_SD_Card_Avalon_Interface.vhd                       ;
; software/altera/10.1/ip/University_Program/Memory/altera_up_sd_card_avalon_interface/hdl/Altera_UP_SD_Card_Buffer.vhd                                 ;
; software/altera/10.1/ip/University_Program/Memory/altera_up_sd_card_avalon_interface/hdl/Altera_UP_SD_Card_Clock.vhd                                  ;
; software/altera/10.1/ip/University_Program/Memory/altera_up_sd_card_avalon_interface/hdl/Altera_UP_SD_Card_Control_FSM.vhd                            ;
; software/altera/10.1/ip/University_Program/Memory/altera_up_sd_card_avalon_interface/hdl/Altera_UP_SD_Card_Interface.vhd                              ;
; software/altera/10.1/ip/University_Program/Memory/altera_up_sd_card_avalon_interface/hdl/Altera_UP_SD_Card_Memory_Block.bsf                           ;
; software/altera/10.1/ip/University_Program/Memory/altera_up_sd_card_avalon_interface/hdl/Altera_UP_SD_Card_Memory_Block.cmp                           ;
; software/altera/10.1/ip/University_Program/Memory/altera_up_sd_card_avalon_interface/hdl/Altera_UP_SD_Card_Memory_Block.qip                           ;
; software/altera/10.1/ip/University_Program/Memory/altera_up_sd_card_avalon_interface/hdl/Altera_UP_SD_Card_Memory_Block.vhd                           ;
; software/altera/10.1/ip/University_Program/Memory/altera_up_sd_card_avalon_interface/hdl/Altera_UP_SD_Card_Response_Receiver.vhd                      ;
; software/altera/10.1/ip/University_Program/Memory/altera_up_sd_card_avalon_interface/hdl/Altera_UP_SD_Signal_Trigger.vhd                              ;
+-------------------------------------------------------------------------------------------------------------------------------------------------------+


+--------------------+
; Files Not Restored ;
+--------------------+
; File Name          ;
+--------------------+


